<?xml version="1.0" encoding="UTF-8"?>
<!-- Generated by org.testng.reporters.JUnitXMLReporter -->
<testsuite hostname="DESKTOP-08BI0FN" ignored="2" name="Test case" tests="40" failures="2" timestamp="2021-05-04T22:53:04 CST" time="21.261" errors="0">
  <testcase name="testLogin" time="0.453" classname="teststeps.LoginTest"/>
  <testcase name="testLogin" time="0.172" classname="teststeps.LoginTest"/>
  <testcase name="testLogin" time="0.156" classname="teststeps.LoginTest"/>
  <testcase name="testLogin" time="0.172" classname="teststeps.LoginTest"/>
  <testcase name="testLogin" time="0.187" classname="teststeps.LoginTest"/>
  <testcase name="testLogin" time="0.172" classname="teststeps.LoginTest"/>
  <testcase name="testLogin" time="0.391" classname="teststeps.LoginTest"/>
  <testcase name="testLogin" time="0.187" classname="teststeps.LoginTest"/>
  <testcase name="testLogin" time="0.141" classname="teststeps.LoginTest"/>
  <testcase name="testLogin" time="0.39" classname="teststeps.LoginTest"/>
  <testcase name="testLogin" time="0.359" classname="teststeps.LoginTest"/>
  <testcase name="testLogin" time="0.407" classname="teststeps.LoginTest"/>
  <testcase name="testLogin" time="0.406" classname="teststeps.LoginTest"/>
  <testcase name="testNewLoan" time="0.374" classname="teststeps.NewLoanTest"/>
  <testcase name="testNewLoan" time="0.329" classname="teststeps.NewLoanTest"/>
  <testcase name="testNewLoan" time="0.265" classname="teststeps.NewLoanTest">
    <failure type="java.lang.AssertionError" message="expected [2] but found [5]">
      <![CDATA[java.lang.AssertionError: expected [2] but found [5]
at common.BaseTest.assertResponse(BaseTest.java:103)
at teststeps.NewLoanTest.testNewLoan(NewLoanTest.java:58)
at java.util.ArrayList.forEach(ArrayList.java:1257)
... Removed 35 stack frames]]>
    </failure>
  </testcase> <!-- testNewLoan -->
  <testcase name="testNewLoan" time="0.39" classname="teststeps.NewLoanTest">
    <failure type="java.lang.AssertionError" message="expected [6] but found [5]">
      <![CDATA[java.lang.AssertionError: expected [6] but found [5]
at common.BaseTest.assertResponse(BaseTest.java:103)
at teststeps.NewLoanTest.testNewLoan(NewLoanTest.java:58)
at java.util.ArrayList.forEach(ArrayList.java:1257)
... Removed 35 stack frames]]>
    </failure>
  </testcase> <!-- testNewLoan -->
  <testcase name="testNewLoan" time="0.171" classname="teststeps.NewLoanTest"/>
  <testcase name="testNewLoan" time="0.219" classname="teststeps.NewLoanTest"/>
  <testcase name="testNewLoan" time="0.156" classname="teststeps.NewLoanTest"/>
  <testcase name="testNewLoan" time="0.187" classname="teststeps.NewLoanTest"/>
  <testcase name="testNewLoan" time="0.141" classname="teststeps.NewLoanTest"/>
  <testcase name="testNewLoan" time="0.14" classname="teststeps.NewLoanTest"/>
  <testcase name="testNewLoan" time="0.188" classname="teststeps.NewLoanTest"/>
  <testcase name="testNewLoan" time="0.172" classname="teststeps.NewLoanTest"/>
  <testcase name="testNewLoan" time="0.124" classname="teststeps.NewLoanTest"/>
  <testcase name="testNewLoan" time="0.141" classname="teststeps.NewLoanTest"/>
  <testcase name="testNewLoan" time="0.141" classname="teststeps.NewLoanTest"/>
  <testcase name="testNewLoan" time="0.14" classname="teststeps.NewLoanTest"/>
  <testcase name="testNewLoan" time="0.141" classname="teststeps.NewLoanTest"/>
  <testcase name="testNewLoan" time="0.172" classname="teststeps.NewLoanTest"/>
  <testcase name="testNewLoan" time="0.187" classname="teststeps.NewLoanTest"/>
  <testcase name="testNewLoan" time="0.141" classname="teststeps.NewLoanTest"/>
  <testcase name="testNewLoan" time="0.14" classname="teststeps.NewLoanTest"/>
  <testcase name="testNewLoan" time="0.203" classname="teststeps.NewLoanTest"/>
  <testcase name="testNewLoan" time="0.188" classname="teststeps.NewLoanTest"/>
  <testcase name="testNewLoan" time="0.187" classname="teststeps.NewLoanTest"/>
  <testcase name="testNewLoan" time="0.203" classname="teststeps.NewLoanTest"/>
  <testcase name="testRecharge" time="0.265" classname="teststeps.RechargeTest"/>
  <testcase name="testRecharge" time="0.156" classname="teststeps.RechargeTest"/>
  <testcase name="@BeforeTest GlobalSetup" time="0.0" classname="common.BaseTest">
    <ignored/>
  </testcase> <!-- @BeforeTest GlobalSetup -->
  <testcase name="@BeforeTest GlobalSetup" time="0.0" classname="common.BaseTest">
    <ignored/>
  </testcase> <!-- @BeforeTest GlobalSetup -->
</testsuite> <!-- Test case -->
